#0 building with "desktop-linux" instance using docker driver

#1 [internal] load build definition from Dockerfile
#1 transferring dockerfile: 1.31kB done
#1 DONE 0.0s

#2 resolve image config for docker-image://docker.io/docker/dockerfile:1
#2 ...

#3 [auth] docker/dockerfile:pull token for registry-1.docker.io
#3 DONE 0.0s

#2 resolve image config for docker-image://docker.io/docker/dockerfile:1
#2 DONE 4.0s

#4 docker-image://docker.io/docker/dockerfile:1@sha256:dabfc0969b935b2080555ace70ee69a5261af8a8f1b4df97b9e7fbcf6722eddf
#4 resolve docker.io/docker/dockerfile:1@sha256:dabfc0969b935b2080555ace70ee69a5261af8a8f1b4df97b9e7fbcf6722eddf done
#4 sha256:552fe90f5a266a9c3fe2c5279cc00dc97f85e0ef40628ccfde9c09ddbf7fc1fc 0B / 13.25MB 0.2s
#4 sha256:552fe90f5a266a9c3fe2c5279cc00dc97f85e0ef40628ccfde9c09ddbf7fc1fc 8.39MB / 13.25MB 0.5s
#4 sha256:552fe90f5a266a9c3fe2c5279cc00dc97f85e0ef40628ccfde9c09ddbf7fc1fc 13.25MB / 13.25MB 0.5s done
#4 extracting sha256:552fe90f5a266a9c3fe2c5279cc00dc97f85e0ef40628ccfde9c09ddbf7fc1fc 0.1s done
#4 DONE 0.6s

#5 [internal] load metadata for docker.io/library/python:3.11.4-slim
#5 ...

#6 [auth] library/python:pull token for registry-1.docker.io
#6 DONE 0.0s

#5 [internal] load metadata for docker.io/library/python:3.11.4-slim
#5 DONE 2.9s

#7 [internal] load .dockerignore
#7 transferring context: 2B done
#7 DONE 0.0s

#8 [internal] load build context
#8 transferring context: 39.26kB done
#8 DONE 0.0s

#9 [base 1/5] FROM docker.io/library/python:3.11.4-slim@sha256:17d62d681d9ecef20aae6c6605e9cf83b0ba3dc247013e2f43e1b5a045ad4901
#9 resolve docker.io/library/python:3.11.4-slim@sha256:17d62d681d9ecef20aae6c6605e9cf83b0ba3dc247013e2f43e1b5a045ad4901 0.0s done
#9 sha256:195bd9e1cc4ce5c5a37dd5aa84655124ccb493c78fedcdd7c51e032f170791f2 0B / 3.38MB 0.2s
#9 sha256:a18610e9d04ba666042cc81099c8673493d266d52fc73d8a3e5bf72b4f0023e8 0B / 245B 0.2s
#9 sha256:ed400aec434dd69b5fec2ef7cf80866b6b17455124631ccf81dc46fda19eb2d3 0B / 16.84MB 0.2s
#9 sha256:493e98a6d531d3e898241b29e0b8e182289a651c4f9f7d67bb1f50d9811a1b43 0B / 3.32MB 0.2s
#9 sha256:195bd9e1cc4ce5c5a37dd5aa84655124ccb493c78fedcdd7c51e032f170791f2 1.05MB / 3.38MB 0.8s
#9 sha256:195bd9e1cc4ce5c5a37dd5aa84655124ccb493c78fedcdd7c51e032f170791f2 3.38MB / 3.38MB 0.8s done
#9 sha256:a18610e9d04ba666042cc81099c8673493d266d52fc73d8a3e5bf72b4f0023e8 245B / 245B 1.0s done
#9 sha256:4ee097f9a36616fddb52e45aba72142c4bc6f2e594f0a746e406acfde4f02f51 0B / 29.16MB 0.2s
#9 sha256:ed400aec434dd69b5fec2ef7cf80866b6b17455124631ccf81dc46fda19eb2d3 6.29MB / 16.84MB 1.4s
#9 sha256:493e98a6d531d3e898241b29e0b8e182289a651c4f9f7d67bb1f50d9811a1b43 3.32MB / 3.32MB 1.3s done
#9 sha256:ed400aec434dd69b5fec2ef7cf80866b6b17455124631ccf81dc46fda19eb2d3 13.63MB / 16.84MB 1.5s
#9 sha256:ed400aec434dd69b5fec2ef7cf80866b6b17455124631ccf81dc46fda19eb2d3 16.84MB / 16.84MB 1.6s done
#9 sha256:4ee097f9a36616fddb52e45aba72142c4bc6f2e594f0a746e406acfde4f02f51 3.15MB / 29.16MB 0.9s
#9 sha256:4ee097f9a36616fddb52e45aba72142c4bc6f2e594f0a746e406acfde4f02f51 9.44MB / 29.16MB 1.1s
#9 sha256:4ee097f9a36616fddb52e45aba72142c4bc6f2e594f0a746e406acfde4f02f51 15.73MB / 29.16MB 1.2s
#9 sha256:4ee097f9a36616fddb52e45aba72142c4bc6f2e594f0a746e406acfde4f02f51 23.07MB / 29.16MB 1.4s
#9 sha256:4ee097f9a36616fddb52e45aba72142c4bc6f2e594f0a746e406acfde4f02f51 26.21MB / 29.16MB 1.5s
#9 sha256:4ee097f9a36616fddb52e45aba72142c4bc6f2e594f0a746e406acfde4f02f51 29.16MB / 29.16MB 1.6s done
#9 extracting sha256:4ee097f9a36616fddb52e45aba72142c4bc6f2e594f0a746e406acfde4f02f51
#9 extracting sha256:4ee097f9a36616fddb52e45aba72142c4bc6f2e594f0a746e406acfde4f02f51 0.5s done
#9 DONE 3.0s

#9 [base 1/5] FROM docker.io/library/python:3.11.4-slim@sha256:17d62d681d9ecef20aae6c6605e9cf83b0ba3dc247013e2f43e1b5a045ad4901
#9 extracting sha256:493e98a6d531d3e898241b29e0b8e182289a651c4f9f7d67bb1f50d9811a1b43 0.1s done
#9 extracting sha256:ed400aec434dd69b5fec2ef7cf80866b6b17455124631ccf81dc46fda19eb2d3
#9 extracting sha256:ed400aec434dd69b5fec2ef7cf80866b6b17455124631ccf81dc46fda19eb2d3 0.3s done
#9 DONE 3.3s

#9 [base 1/5] FROM docker.io/library/python:3.11.4-slim@sha256:17d62d681d9ecef20aae6c6605e9cf83b0ba3dc247013e2f43e1b5a045ad4901
#9 extracting sha256:a18610e9d04ba666042cc81099c8673493d266d52fc73d8a3e5bf72b4f0023e8 done
#9 extracting sha256:195bd9e1cc4ce5c5a37dd5aa84655124ccb493c78fedcdd7c51e032f170791f2 0.1s done
#9 DONE 3.4s

#10 [base 2/5] WORKDIR /app
#10 DONE 0.2s

#11 [base 3/5] RUN adduser     --disabled-password     --gecos ""     --home "/nonexistent"     --shell "/sbin/nologin"     --no-create-home     --uid "10001"     appuser
#11 0.119 adduser: Warning: The home dir /nonexistent you specified can't be accessed: No such file or directory
#11 0.120 Adding user `appuser' ...
#11 0.120 Adding new group `appuser' (10001) ...
#11 0.130 Adding new user `appuser' (10001) with group `appuser (10001)' ...
#11 0.145 Not creating `/nonexistent'.
#11 0.150 Adding new user `appuser' to supplemental / extra groups `users' ...
#11 0.150 Adding user `appuser' to group `users' ...
#11 DONE 0.2s

#12 [base 4/5] RUN --mount=type=cache,target=/root/.cache/pip     --mount=type=bind,source=requirements.txt,target=requirements.txt     python3 -m pip install -r requirements.txt
#12 1.391 Collecting flask (from -r requirements.txt (line 1))
#12 1.750   Downloading flask-3.1.2-py3-none-any.whl (103 kB)
#12 1.773      â”â”â”â”â”â”â”â”â”â”â”â”â”â”â”â”â”â”â”â”â”â”â”â”â”â”â”â”â”â”â”â”â”â”â”â”â”â”â” 103.3/103.3 kB 4.4 MB/s eta 0:00:00
#12 1.801 Collecting prometheus-client (from -r requirements.txt (line 2))
#12 1.809   Downloading prometheus_client-0.22.1-py3-none-any.whl (58 kB)
#12 1.812      â”â”â”â”â”â”â”â”â”â”â”â”â”â”â”â”â”â”â”â”â”â”â”â”â”â”â”â”â”â”â”â”â”â”â”â”â”â”â”â” 58.7/58.7 kB 30.3 MB/s eta 0:00:00
#12 1.835 Collecting blinker>=1.9.0 (from flask->-r requirements.txt (line 1))
#12 1.843   Downloading blinker-1.9.0-py3-none-any.whl (8.5 kB)
#12 1.872 Collecting click>=8.1.3 (from flask->-r requirements.txt (line 1))
#12 1.883   Downloading click-8.2.1-py3-none-any.whl (102 kB)
#12 1.887      â”â”â”â”â”â”â”â”â”â”â”â”â”â”â”â”â”â”â”â”â”â”â”â”â”â”â”â”â”â”â”â”â”â”â”â”â”â” 102.2/102.2 kB 34.7 MB/s eta 0:00:00
#12 1.907 Collecting itsdangerous>=2.2.0 (from flask->-r requirements.txt (line 1))
#12 1.917   Downloading itsdangerous-2.2.0-py3-none-any.whl (16 kB)
#12 1.943 Collecting jinja2>=3.1.2 (from flask->-r requirements.txt (line 1))
#12 1.952   Downloading jinja2-3.1.6-py3-none-any.whl (134 kB)
#12 1.957      â”â”â”â”â”â”â”â”â”â”â”â”â”â”â”â”â”â”â”â”â”â”â”â”â”â”â”â”â”â”â”â”â”â”â”â”â”â” 134.9/134.9 kB 45.4 MB/s eta 0:00:00
#12 2.034 Collecting markupsafe>=2.1.1 (from flask->-r requirements.txt (line 1))
#12 2.044   Downloading MarkupSafe-3.0.2-cp311-cp311-manylinux_2_17_aarch64.manylinux2014_aarch64.whl (23 kB)
#12 2.079 Collecting werkzeug>=3.1.0 (from flask->-r requirements.txt (line 1))
#12 2.089   Downloading werkzeug-3.1.3-py3-none-any.whl (224 kB)
#12 2.094      â”â”â”â”â”â”â”â”â”â”â”â”â”â”â”â”â”â”â”â”â”â”â”â”â”â”â”â”â”â”â”â”â”â”â”â”â”â” 224.5/224.5 kB 53.5 MB/s eta 0:00:00
#12 2.136 Installing collected packages: prometheus-client, markupsafe, itsdangerous, click, blinker, werkzeug, jinja2, flask
#12 2.386 Successfully installed blinker-1.9.0 click-8.2.1 flask-3.1.2 itsdangerous-2.2.0 jinja2-3.1.6 markupsafe-3.0.2 prometheus-client-0.22.1 werkzeug-3.1.3
#12 2.386 WARNING: Running pip as the 'root' user can result in broken permissions and conflicting behaviour with the system package manager. It is recommended to use a virtual environment instead: https://pip.pypa.io/warnings/venv
#12 2.477 
#12 2.477 [notice] A new release of pip is available: 23.1.2 -> 25.2
#12 2.477 [notice] To update, run: pip install --upgrade pip
#12 DONE 2.5s

#13 [base 5/5] COPY . .
#13 DONE 0.0s

#14 exporting to image
#14 exporting layers
#14 exporting layers 0.2s done
#14 exporting manifest sha256:f96553c532f51d55409c540bdd6b816013c98fa3d784d5231b865349d9256c0d
#14 exporting manifest sha256:f96553c532f51d55409c540bdd6b816013c98fa3d784d5231b865349d9256c0d done
#14 exporting config sha256:e48626882f9b6b9fd7fba3a58aea5dc353701a1a68539e0ef2ed0479f57769f8 done
#14 exporting attestation manifest sha256:2c7f7800823ea7264a58c3b66b131a8b46ec670feb1282a28be63cbbea6bfc7f done
#14 exporting manifest list sha256:d6080afa17f62a3b287a1d04859ff9a83884097314a6608bd81972244d2034c8 done
#14 naming to docker.io/otus/sre-image:hw6 done
#14 unpacking to docker.io/otus/sre-image:hw6 0.1s done
#14 DONE 0.3s

 [33m2 warnings found (use docker --debug to expand):
[0m - FromAsCasing: 'as' and 'FROM' keywords' casing do not match (line 4)
 - JSONArgsRecommended: JSON arguments recommended for CMD to prevent unintended behavior related to OS signals (line 44)
